<?xml version="1.0" encoding="UTF-8"?>
<!-- Generated by org.testng.reporters.JUnitReportReporter -->
<testsuite hostname="DESKTOP-EVVE8QT" failures="0" tests="2" name="report.TestRun" time="21.284" errors="0" timestamp="2022-03-24T13:14:36 IST" skipped="0">
  <testcase classname="report.TestRun" name="test2" time="10.657"/>
  <system-out/>
  <testcase classname="report.TestRun" name="loginTest" time="10.627"/>
  <system-out/>
</testsuite> <!-- report.TestRun -->
